{"/home/pamella/StartDB2024/src/recintos-zoo.js": {"path":"/home/pamella/StartDB2024/src/recintos-zoo.js","all":false,"statementMap":{"0":{"start":{"line":1,"column":0},"end":{"line":1,"column":22}},"1":{"start":{"line":2,"column":0},"end":{"line":2,"column":0}},"2":{"start":{"line":3,"column":0},"end":{"line":3,"column":44}},"3":{"start":{"line":4,"column":0},"end":{"line":4,"column":8}},"4":{"start":{"line":5,"column":0},"end":{"line":5,"column":0}},"5":{"start":{"line":6,"column":0},"end":{"line":6,"column":4}},"6":{"start":{"line":7,"column":0},"end":{"line":7,"column":0}},"7":{"start":{"line":8,"column":0},"end":{"line":8,"column":41}},"8":{"start":{"line":9,"column":0},"end":{"line":9,"column":19}},"9":{"start":{"line":10,"column":0},"end":{"line":10,"column":0}},"10":{"start":{"line":11,"column":0},"end":{"line":11,"column":41}},"11":{"start":{"line":12,"column":0},"end":{"line":12,"column":0}},"12":{"start":{"line":13,"column":0},"end":{"line":13,"column":29}},"13":{"start":{"line":14,"column":0},"end":{"line":14,"column":20}},"14":{"start":{"line":15,"column":0},"end":{"line":15,"column":43}},"15":{"start":{"line":16,"column":0},"end":{"line":16,"column":15}},"16":{"start":{"line":17,"column":0},"end":{"line":17,"column":9}},"17":{"start":{"line":18,"column":0},"end":{"line":18,"column":0}},"18":{"start":{"line":19,"column":0},"end":{"line":19,"column":27}},"19":{"start":{"line":20,"column":0},"end":{"line":20,"column":35}},"20":{"start":{"line":21,"column":0},"end":{"line":21,"column":37}},"21":{"start":{"line":22,"column":0},"end":{"line":22,"column":31}},"22":{"start":{"line":23,"column":0},"end":{"line":23,"column":31}},"23":{"start":{"line":24,"column":0},"end":{"line":24,"column":39}},"24":{"start":{"line":25,"column":0},"end":{"line":25,"column":0}},"25":{"start":{"line":26,"column":0},"end":{"line":26,"column":83}},"26":{"start":{"line":27,"column":0},"end":{"line":27,"column":0}},"27":{"start":{"line":28,"column":0},"end":{"line":28,"column":60}},"28":{"start":{"line":29,"column":0},"end":{"line":29,"column":20}},"29":{"start":{"line":30,"column":0},"end":{"line":30,"column":39}},"30":{"start":{"line":31,"column":0},"end":{"line":31,"column":15}},"31":{"start":{"line":32,"column":0},"end":{"line":32,"column":9}},"32":{"start":{"line":33,"column":0},"end":{"line":33,"column":0}},"33":{"start":{"line":34,"column":0},"end":{"line":34,"column":64}},"34":{"start":{"line":35,"column":0},"end":{"line":35,"column":28}},"35":{"start":{"line":36,"column":0},"end":{"line":36,"column":32}},"36":{"start":{"line":37,"column":0},"end":{"line":37,"column":33}},"37":{"start":{"line":38,"column":0},"end":{"line":38,"column":30}},"38":{"start":{"line":39,"column":0},"end":{"line":39,"column":30}},"39":{"start":{"line":40,"column":0},"end":{"line":40,"column":34}},"40":{"start":{"line":41,"column":0},"end":{"line":41,"column":0}},"41":{"start":{"line":42,"column":0},"end":{"line":42,"column":111}},"42":{"start":{"line":43,"column":0},"end":{"line":43,"column":71}},"43":{"start":{"line":44,"column":0},"end":{"line":44,"column":24}},"44":{"start":{"line":45,"column":0},"end":{"line":45,"column":99}},"45":{"start":{"line":46,"column":0},"end":{"line":46,"column":103}},"46":{"start":{"line":47,"column":0},"end":{"line":47,"column":105}},"47":{"start":{"line":48,"column":0},"end":{"line":48,"column":98}},"48":{"start":{"line":49,"column":0},"end":{"line":49,"column":99}},"49":{"start":{"line":50,"column":0},"end":{"line":50,"column":9}},"50":{"start":{"line":51,"column":0},"end":{"line":51,"column":0}},"51":{"start":{"line":52,"column":0},"end":{"line":52,"column":10}},"52":{"start":{"line":53,"column":0},"end":{"line":53,"column":74}},"53":{"start":{"line":54,"column":0},"end":{"line":54,"column":74}},"54":{"start":{"line":55,"column":0},"end":{"line":55,"column":65}},"55":{"start":{"line":56,"column":0},"end":{"line":56,"column":81}},"56":{"start":{"line":57,"column":0},"end":{"line":57,"column":68}},"57":{"start":{"line":58,"column":0},"end":{"line":58,"column":10}},"58":{"start":{"line":59,"column":0},"end":{"line":59,"column":74}},"59":{"start":{"line":60,"column":0},"end":{"line":60,"column":43}},"60":{"start":{"line":61,"column":0},"end":{"line":61,"column":30}},"61":{"start":{"line":62,"column":0},"end":{"line":62,"column":30}},"62":{"start":{"line":63,"column":0},"end":{"line":63,"column":30}},"63":{"start":{"line":64,"column":0},"end":{"line":64,"column":0}},"64":{"start":{"line":65,"column":0},"end":{"line":65,"column":115}},"65":{"start":{"line":66,"column":0},"end":{"line":66,"column":120}},"66":{"start":{"line":67,"column":0},"end":{"line":67,"column":87}},"67":{"start":{"line":68,"column":0},"end":{"line":68,"column":123}},"68":{"start":{"line":69,"column":0},"end":{"line":69,"column":71}},"69":{"start":{"line":70,"column":0},"end":{"line":70,"column":71}},"70":{"start":{"line":71,"column":0},"end":{"line":71,"column":20}},"71":{"start":{"line":72,"column":0},"end":{"line":72,"column":84}},"72":{"start":{"line":73,"column":0},"end":{"line":73,"column":17}},"73":{"start":{"line":74,"column":0},"end":{"line":74,"column":13}},"74":{"start":{"line":75,"column":0},"end":{"line":75,"column":0}},"75":{"start":{"line":76,"column":0},"end":{"line":76,"column":118}},"76":{"start":{"line":77,"column":0},"end":{"line":77,"column":116}},"77":{"start":{"line":78,"column":0},"end":{"line":78,"column":73}},"78":{"start":{"line":79,"column":0},"end":{"line":79,"column":87}},"79":{"start":{"line":80,"column":0},"end":{"line":80,"column":123}},"80":{"start":{"line":81,"column":0},"end":{"line":81,"column":71}},"81":{"start":{"line":82,"column":0},"end":{"line":82,"column":71}},"82":{"start":{"line":83,"column":0},"end":{"line":83,"column":20}},"83":{"start":{"line":84,"column":0},"end":{"line":84,"column":84}},"84":{"start":{"line":85,"column":0},"end":{"line":85,"column":17}},"85":{"start":{"line":86,"column":0},"end":{"line":86,"column":13}},"86":{"start":{"line":87,"column":0},"end":{"line":87,"column":0}},"87":{"start":{"line":88,"column":0},"end":{"line":88,"column":115}},"88":{"start":{"line":89,"column":0},"end":{"line":89,"column":120}},"89":{"start":{"line":90,"column":0},"end":{"line":90,"column":87}},"90":{"start":{"line":91,"column":0},"end":{"line":91,"column":123}},"91":{"start":{"line":92,"column":0},"end":{"line":92,"column":71}},"92":{"start":{"line":93,"column":0},"end":{"line":93,"column":71}},"93":{"start":{"line":94,"column":0},"end":{"line":94,"column":20}},"94":{"start":{"line":95,"column":0},"end":{"line":95,"column":84}},"95":{"start":{"line":96,"column":0},"end":{"line":96,"column":17}},"96":{"start":{"line":97,"column":0},"end":{"line":97,"column":13}},"97":{"start":{"line":98,"column":0},"end":{"line":98,"column":0}},"98":{"start":{"line":99,"column":0},"end":{"line":99,"column":30}},"99":{"start":{"line":100,"column":0},"end":{"line":100,"column":28}},"100":{"start":{"line":101,"column":0},"end":{"line":101,"column":41}},"101":{"start":{"line":102,"column":0},"end":{"line":102,"column":67}},"102":{"start":{"line":103,"column":0},"end":{"line":103,"column":60}},"103":{"start":{"line":104,"column":0},"end":{"line":104,"column":17}},"104":{"start":{"line":105,"column":0},"end":{"line":105,"column":0}},"105":{"start":{"line":106,"column":0},"end":{"line":106,"column":13}},"106":{"start":{"line":107,"column":0},"end":{"line":107,"column":28}},"107":{"start":{"line":108,"column":0},"end":{"line":108,"column":41}},"108":{"start":{"line":109,"column":0},"end":{"line":109,"column":67}},"109":{"start":{"line":110,"column":0},"end":{"line":110,"column":60}},"110":{"start":{"line":111,"column":0},"end":{"line":111,"column":17}},"111":{"start":{"line":112,"column":0},"end":{"line":112,"column":13}},"112":{"start":{"line":113,"column":0},"end":{"line":113,"column":28}},"113":{"start":{"line":114,"column":0},"end":{"line":114,"column":41}},"114":{"start":{"line":115,"column":0},"end":{"line":115,"column":67}},"115":{"start":{"line":116,"column":0},"end":{"line":116,"column":60}},"116":{"start":{"line":117,"column":0},"end":{"line":117,"column":17}},"117":{"start":{"line":118,"column":0},"end":{"line":118,"column":13}},"118":{"start":{"line":119,"column":0},"end":{"line":119,"column":0}},"119":{"start":{"line":120,"column":0},"end":{"line":120,"column":54}},"120":{"start":{"line":121,"column":0},"end":{"line":121,"column":24}},"121":{"start":{"line":122,"column":0},"end":{"line":122,"column":46}},"122":{"start":{"line":123,"column":0},"end":{"line":123,"column":17}},"123":{"start":{"line":124,"column":0},"end":{"line":124,"column":13}},"124":{"start":{"line":125,"column":0},"end":{"line":125,"column":9}},"125":{"start":{"line":126,"column":0},"end":{"line":126,"column":0}},"126":{"start":{"line":127,"column":0},"end":{"line":127,"column":78}},"127":{"start":{"line":128,"column":0},"end":{"line":128,"column":47}},"128":{"start":{"line":129,"column":0},"end":{"line":129,"column":30}},"129":{"start":{"line":130,"column":0},"end":{"line":130,"column":30}},"130":{"start":{"line":131,"column":0},"end":{"line":131,"column":30}},"131":{"start":{"line":132,"column":0},"end":{"line":132,"column":0}},"132":{"start":{"line":133,"column":0},"end":{"line":133,"column":111}},"133":{"start":{"line":134,"column":0},"end":{"line":134,"column":120}},"134":{"start":{"line":135,"column":0},"end":{"line":135,"column":91}},"135":{"start":{"line":136,"column":0},"end":{"line":136,"column":127}},"136":{"start":{"line":137,"column":0},"end":{"line":137,"column":71}},"137":{"start":{"line":138,"column":0},"end":{"line":138,"column":71}},"138":{"start":{"line":139,"column":0},"end":{"line":139,"column":20}},"139":{"start":{"line":140,"column":0},"end":{"line":140,"column":84}},"140":{"start":{"line":141,"column":0},"end":{"line":141,"column":17}},"141":{"start":{"line":142,"column":0},"end":{"line":142,"column":13}},"142":{"start":{"line":143,"column":0},"end":{"line":143,"column":0}},"143":{"start":{"line":144,"column":0},"end":{"line":144,"column":114}},"144":{"start":{"line":145,"column":0},"end":{"line":145,"column":116}},"145":{"start":{"line":146,"column":0},"end":{"line":146,"column":73}},"146":{"start":{"line":147,"column":0},"end":{"line":147,"column":91}},"147":{"start":{"line":148,"column":0},"end":{"line":148,"column":127}},"148":{"start":{"line":149,"column":0},"end":{"line":149,"column":71}},"149":{"start":{"line":150,"column":0},"end":{"line":150,"column":71}},"150":{"start":{"line":151,"column":0},"end":{"line":151,"column":20}},"151":{"start":{"line":152,"column":0},"end":{"line":152,"column":84}},"152":{"start":{"line":153,"column":0},"end":{"line":153,"column":17}},"153":{"start":{"line":154,"column":0},"end":{"line":154,"column":13}},"154":{"start":{"line":155,"column":0},"end":{"line":155,"column":0}},"155":{"start":{"line":156,"column":0},"end":{"line":156,"column":111}},"156":{"start":{"line":157,"column":0},"end":{"line":157,"column":120}},"157":{"start":{"line":158,"column":0},"end":{"line":158,"column":91}},"158":{"start":{"line":159,"column":0},"end":{"line":159,"column":127}},"159":{"start":{"line":160,"column":0},"end":{"line":160,"column":71}},"160":{"start":{"line":161,"column":0},"end":{"line":161,"column":71}},"161":{"start":{"line":162,"column":0},"end":{"line":162,"column":20}},"162":{"start":{"line":163,"column":0},"end":{"line":163,"column":84}},"163":{"start":{"line":164,"column":0},"end":{"line":164,"column":17}},"164":{"start":{"line":165,"column":0},"end":{"line":165,"column":13}},"165":{"start":{"line":166,"column":0},"end":{"line":166,"column":0}},"166":{"start":{"line":167,"column":0},"end":{"line":167,"column":30}},"167":{"start":{"line":168,"column":0},"end":{"line":168,"column":28}},"168":{"start":{"line":169,"column":0},"end":{"line":169,"column":41}},"169":{"start":{"line":170,"column":0},"end":{"line":170,"column":71}},"170":{"start":{"line":171,"column":0},"end":{"line":171,"column":64}},"171":{"start":{"line":172,"column":0},"end":{"line":172,"column":17}},"172":{"start":{"line":173,"column":0},"end":{"line":173,"column":0}},"173":{"start":{"line":174,"column":0},"end":{"line":174,"column":13}},"174":{"start":{"line":175,"column":0},"end":{"line":175,"column":28}},"175":{"start":{"line":176,"column":0},"end":{"line":176,"column":41}},"176":{"start":{"line":177,"column":0},"end":{"line":177,"column":71}},"177":{"start":{"line":178,"column":0},"end":{"line":178,"column":64}},"178":{"start":{"line":179,"column":0},"end":{"line":179,"column":17}},"179":{"start":{"line":180,"column":0},"end":{"line":180,"column":13}},"180":{"start":{"line":181,"column":0},"end":{"line":181,"column":28}},"181":{"start":{"line":182,"column":0},"end":{"line":182,"column":41}},"182":{"start":{"line":183,"column":0},"end":{"line":183,"column":71}},"183":{"start":{"line":184,"column":0},"end":{"line":184,"column":64}},"184":{"start":{"line":185,"column":0},"end":{"line":185,"column":17}},"185":{"start":{"line":186,"column":0},"end":{"line":186,"column":13}},"186":{"start":{"line":187,"column":0},"end":{"line":187,"column":0}},"187":{"start":{"line":188,"column":0},"end":{"line":188,"column":54}},"188":{"start":{"line":189,"column":0},"end":{"line":189,"column":24}},"189":{"start":{"line":190,"column":0},"end":{"line":190,"column":46}},"190":{"start":{"line":191,"column":0},"end":{"line":191,"column":17}},"191":{"start":{"line":192,"column":0},"end":{"line":192,"column":13}},"192":{"start":{"line":193,"column":0},"end":{"line":193,"column":9}},"193":{"start":{"line":194,"column":0},"end":{"line":194,"column":0}},"194":{"start":{"line":195,"column":0},"end":{"line":195,"column":75}},"195":{"start":{"line":196,"column":0},"end":{"line":196,"column":48}},"196":{"start":{"line":197,"column":0},"end":{"line":197,"column":30}},"197":{"start":{"line":198,"column":0},"end":{"line":198,"column":30}},"198":{"start":{"line":199,"column":0},"end":{"line":199,"column":113}},"199":{"start":{"line":200,"column":0},"end":{"line":200,"column":116}},"200":{"start":{"line":201,"column":0},"end":{"line":201,"column":73}},"201":{"start":{"line":202,"column":0},"end":{"line":202,"column":0}},"202":{"start":{"line":203,"column":0},"end":{"line":203,"column":92}},"203":{"start":{"line":204,"column":0},"end":{"line":204,"column":128}},"204":{"start":{"line":205,"column":0},"end":{"line":205,"column":71}},"205":{"start":{"line":206,"column":0},"end":{"line":206,"column":71}},"206":{"start":{"line":207,"column":0},"end":{"line":207,"column":20}},"207":{"start":{"line":208,"column":0},"end":{"line":208,"column":84}},"208":{"start":{"line":209,"column":0},"end":{"line":209,"column":17}},"209":{"start":{"line":210,"column":0},"end":{"line":210,"column":13}},"210":{"start":{"line":211,"column":0},"end":{"line":211,"column":0}},"211":{"start":{"line":212,"column":0},"end":{"line":212,"column":88}},"212":{"start":{"line":213,"column":0},"end":{"line":213,"column":73}},"213":{"start":{"line":214,"column":0},"end":{"line":214,"column":128}},"214":{"start":{"line":215,"column":0},"end":{"line":215,"column":71}},"215":{"start":{"line":216,"column":0},"end":{"line":216,"column":71}},"216":{"start":{"line":217,"column":0},"end":{"line":217,"column":0}},"217":{"start":{"line":218,"column":0},"end":{"line":218,"column":84}},"218":{"start":{"line":219,"column":0},"end":{"line":219,"column":13}},"219":{"start":{"line":220,"column":0},"end":{"line":220,"column":13}},"220":{"start":{"line":221,"column":0},"end":{"line":221,"column":30}},"221":{"start":{"line":222,"column":0},"end":{"line":222,"column":28}},"222":{"start":{"line":223,"column":0},"end":{"line":223,"column":41}},"223":{"start":{"line":224,"column":0},"end":{"line":224,"column":72}},"224":{"start":{"line":225,"column":0},"end":{"line":225,"column":65}},"225":{"start":{"line":226,"column":0},"end":{"line":226,"column":17}},"226":{"start":{"line":227,"column":0},"end":{"line":227,"column":0}},"227":{"start":{"line":228,"column":0},"end":{"line":228,"column":13}},"228":{"start":{"line":229,"column":0},"end":{"line":229,"column":28}},"229":{"start":{"line":230,"column":0},"end":{"line":230,"column":41}},"230":{"start":{"line":231,"column":0},"end":{"line":231,"column":72}},"231":{"start":{"line":232,"column":0},"end":{"line":232,"column":65}},"232":{"start":{"line":233,"column":0},"end":{"line":233,"column":17}},"233":{"start":{"line":234,"column":0},"end":{"line":234,"column":13}},"234":{"start":{"line":235,"column":0},"end":{"line":235,"column":0}},"235":{"start":{"line":236,"column":0},"end":{"line":236,"column":41}},"236":{"start":{"line":237,"column":0},"end":{"line":237,"column":24}},"237":{"start":{"line":238,"column":0},"end":{"line":238,"column":46}},"238":{"start":{"line":239,"column":0},"end":{"line":239,"column":17}},"239":{"start":{"line":240,"column":0},"end":{"line":240,"column":13}},"240":{"start":{"line":241,"column":0},"end":{"line":241,"column":9}},"241":{"start":{"line":242,"column":0},"end":{"line":242,"column":0}},"242":{"start":{"line":243,"column":0},"end":{"line":243,"column":25}},"243":{"start":{"line":244,"column":0},"end":{"line":244,"column":45}},"244":{"start":{"line":245,"column":0},"end":{"line":245,"column":30}},"245":{"start":{"line":246,"column":0},"end":{"line":246,"column":30}},"246":{"start":{"line":247,"column":0},"end":{"line":247,"column":30}},"247":{"start":{"line":248,"column":0},"end":{"line":248,"column":30}},"248":{"start":{"line":249,"column":0},"end":{"line":249,"column":35}},"249":{"start":{"line":250,"column":0},"end":{"line":250,"column":0}},"250":{"start":{"line":251,"column":0},"end":{"line":251,"column":117}},"251":{"start":{"line":252,"column":0},"end":{"line":252,"column":70}},"252":{"start":{"line":253,"column":0},"end":{"line":253,"column":39}},"253":{"start":{"line":254,"column":0},"end":{"line":254,"column":17}},"254":{"start":{"line":255,"column":0},"end":{"line":255,"column":89}},"255":{"start":{"line":256,"column":0},"end":{"line":256,"column":143}},"256":{"start":{"line":257,"column":0},"end":{"line":257,"column":71}},"257":{"start":{"line":258,"column":0},"end":{"line":258,"column":71}},"258":{"start":{"line":259,"column":0},"end":{"line":259,"column":0}},"259":{"start":{"line":260,"column":0},"end":{"line":260,"column":62}},"260":{"start":{"line":261,"column":0},"end":{"line":261,"column":88}},"261":{"start":{"line":262,"column":0},"end":{"line":262,"column":21}},"262":{"start":{"line":263,"column":0},"end":{"line":263,"column":17}},"263":{"start":{"line":264,"column":0},"end":{"line":264,"column":13}},"264":{"start":{"line":265,"column":0},"end":{"line":265,"column":0}},"265":{"start":{"line":266,"column":0},"end":{"line":266,"column":103}},"266":{"start":{"line":267,"column":0},"end":{"line":267,"column":121}},"267":{"start":{"line":268,"column":0},"end":{"line":268,"column":67}},"268":{"start":{"line":269,"column":0},"end":{"line":269,"column":67}},"269":{"start":{"line":270,"column":0},"end":{"line":270,"column":0}},"270":{"start":{"line":271,"column":0},"end":{"line":271,"column":58}},"271":{"start":{"line":272,"column":0},"end":{"line":272,"column":84}},"272":{"start":{"line":273,"column":0},"end":{"line":273,"column":17}},"273":{"start":{"line":274,"column":0},"end":{"line":274,"column":13}},"274":{"start":{"line":275,"column":0},"end":{"line":275,"column":0}},"275":{"start":{"line":276,"column":0},"end":{"line":276,"column":114}},"276":{"start":{"line":277,"column":0},"end":{"line":277,"column":68}},"277":{"start":{"line":278,"column":0},"end":{"line":278,"column":123}},"278":{"start":{"line":279,"column":0},"end":{"line":279,"column":39}},"279":{"start":{"line":280,"column":0},"end":{"line":280,"column":17}},"280":{"start":{"line":281,"column":0},"end":{"line":281,"column":107}},"281":{"start":{"line":282,"column":0},"end":{"line":282,"column":20}},"282":{"start":{"line":283,"column":0},"end":{"line":283,"column":143}},"283":{"start":{"line":284,"column":0},"end":{"line":284,"column":71}},"284":{"start":{"line":285,"column":0},"end":{"line":285,"column":71}},"285":{"start":{"line":286,"column":0},"end":{"line":286,"column":0}},"286":{"start":{"line":287,"column":0},"end":{"line":287,"column":62}},"287":{"start":{"line":288,"column":0},"end":{"line":288,"column":88}},"288":{"start":{"line":289,"column":0},"end":{"line":289,"column":21}},"289":{"start":{"line":290,"column":0},"end":{"line":290,"column":17}},"290":{"start":{"line":291,"column":0},"end":{"line":291,"column":13}},"291":{"start":{"line":292,"column":0},"end":{"line":292,"column":0}},"292":{"start":{"line":293,"column":0},"end":{"line":293,"column":117}},"293":{"start":{"line":294,"column":0},"end":{"line":294,"column":0}},"294":{"start":{"line":295,"column":0},"end":{"line":295,"column":35}},"295":{"start":{"line":296,"column":0},"end":{"line":296,"column":69}},"296":{"start":{"line":297,"column":0},"end":{"line":297,"column":39}},"297":{"start":{"line":298,"column":0},"end":{"line":298,"column":17}},"298":{"start":{"line":299,"column":0},"end":{"line":299,"column":107}},"299":{"start":{"line":300,"column":0},"end":{"line":300,"column":0}},"300":{"start":{"line":301,"column":0},"end":{"line":301,"column":143}},"301":{"start":{"line":302,"column":0},"end":{"line":302,"column":71}},"302":{"start":{"line":303,"column":0},"end":{"line":303,"column":71}},"303":{"start":{"line":304,"column":0},"end":{"line":304,"column":0}},"304":{"start":{"line":305,"column":0},"end":{"line":305,"column":62}},"305":{"start":{"line":306,"column":0},"end":{"line":306,"column":88}},"306":{"start":{"line":307,"column":0},"end":{"line":307,"column":21}},"307":{"start":{"line":308,"column":0},"end":{"line":308,"column":17}},"308":{"start":{"line":309,"column":0},"end":{"line":309,"column":13}},"309":{"start":{"line":310,"column":0},"end":{"line":310,"column":0}},"310":{"start":{"line":311,"column":0},"end":{"line":311,"column":30}},"311":{"start":{"line":312,"column":0},"end":{"line":312,"column":28}},"312":{"start":{"line":313,"column":0},"end":{"line":313,"column":41}},"313":{"start":{"line":314,"column":0},"end":{"line":314,"column":69}},"314":{"start":{"line":315,"column":0},"end":{"line":315,"column":62}},"315":{"start":{"line":316,"column":0},"end":{"line":316,"column":17}},"316":{"start":{"line":317,"column":0},"end":{"line":317,"column":13}},"317":{"start":{"line":318,"column":0},"end":{"line":318,"column":28}},"318":{"start":{"line":319,"column":0},"end":{"line":319,"column":41}},"319":{"start":{"line":320,"column":0},"end":{"line":320,"column":69}},"320":{"start":{"line":321,"column":0},"end":{"line":321,"column":62}},"321":{"start":{"line":322,"column":0},"end":{"line":322,"column":17}},"322":{"start":{"line":323,"column":0},"end":{"line":323,"column":13}},"323":{"start":{"line":324,"column":0},"end":{"line":324,"column":28}},"324":{"start":{"line":325,"column":0},"end":{"line":325,"column":41}},"325":{"start":{"line":326,"column":0},"end":{"line":326,"column":69}},"326":{"start":{"line":327,"column":0},"end":{"line":327,"column":62}},"327":{"start":{"line":328,"column":0},"end":{"line":328,"column":17}},"328":{"start":{"line":329,"column":0},"end":{"line":329,"column":13}},"329":{"start":{"line":330,"column":0},"end":{"line":330,"column":28}},"330":{"start":{"line":331,"column":0},"end":{"line":331,"column":41}},"331":{"start":{"line":332,"column":0},"end":{"line":332,"column":69}},"332":{"start":{"line":333,"column":0},"end":{"line":333,"column":62}},"333":{"start":{"line":334,"column":0},"end":{"line":334,"column":17}},"334":{"start":{"line":335,"column":0},"end":{"line":335,"column":13}},"335":{"start":{"line":336,"column":0},"end":{"line":336,"column":67}},"336":{"start":{"line":337,"column":0},"end":{"line":337,"column":24}},"337":{"start":{"line":338,"column":0},"end":{"line":338,"column":46}},"338":{"start":{"line":339,"column":0},"end":{"line":339,"column":17}},"339":{"start":{"line":340,"column":0},"end":{"line":340,"column":13}},"340":{"start":{"line":341,"column":0},"end":{"line":341,"column":9}},"341":{"start":{"line":342,"column":0},"end":{"line":342,"column":0}},"342":{"start":{"line":343,"column":0},"end":{"line":343,"column":25}},"343":{"start":{"line":344,"column":0},"end":{"line":344,"column":45}},"344":{"start":{"line":345,"column":0},"end":{"line":345,"column":30}},"345":{"start":{"line":346,"column":0},"end":{"line":346,"column":30}},"346":{"start":{"line":347,"column":0},"end":{"line":347,"column":30}},"347":{"start":{"line":348,"column":0},"end":{"line":348,"column":0}},"348":{"start":{"line":349,"column":0},"end":{"line":349,"column":35}},"349":{"start":{"line":350,"column":0},"end":{"line":350,"column":0}},"350":{"start":{"line":351,"column":0},"end":{"line":351,"column":117}},"351":{"start":{"line":352,"column":0},"end":{"line":352,"column":0}},"352":{"start":{"line":353,"column":0},"end":{"line":353,"column":69}},"353":{"start":{"line":354,"column":0},"end":{"line":354,"column":39}},"354":{"start":{"line":355,"column":0},"end":{"line":355,"column":17}},"355":{"start":{"line":356,"column":0},"end":{"line":356,"column":107}},"356":{"start":{"line":357,"column":0},"end":{"line":357,"column":143}},"357":{"start":{"line":358,"column":0},"end":{"line":358,"column":71}},"358":{"start":{"line":359,"column":0},"end":{"line":359,"column":71}},"359":{"start":{"line":360,"column":0},"end":{"line":360,"column":84}},"360":{"start":{"line":361,"column":0},"end":{"line":361,"column":17}},"361":{"start":{"line":362,"column":0},"end":{"line":362,"column":13}},"362":{"start":{"line":363,"column":0},"end":{"line":363,"column":113}},"363":{"start":{"line":364,"column":0},"end":{"line":364,"column":68}},"364":{"start":{"line":365,"column":0},"end":{"line":365,"column":0}},"365":{"start":{"line":366,"column":0},"end":{"line":366,"column":35}},"366":{"start":{"line":367,"column":0},"end":{"line":367,"column":123}},"367":{"start":{"line":368,"column":0},"end":{"line":368,"column":39}},"368":{"start":{"line":369,"column":0},"end":{"line":369,"column":17}},"369":{"start":{"line":370,"column":0},"end":{"line":370,"column":107}},"370":{"start":{"line":371,"column":0},"end":{"line":371,"column":143}},"371":{"start":{"line":372,"column":0},"end":{"line":372,"column":71}},"372":{"start":{"line":373,"column":0},"end":{"line":373,"column":71}},"373":{"start":{"line":374,"column":0},"end":{"line":374,"column":84}},"374":{"start":{"line":375,"column":0},"end":{"line":375,"column":17}},"375":{"start":{"line":376,"column":0},"end":{"line":376,"column":13}},"376":{"start":{"line":377,"column":0},"end":{"line":377,"column":117}},"377":{"start":{"line":378,"column":0},"end":{"line":378,"column":0}},"378":{"start":{"line":379,"column":0},"end":{"line":379,"column":35}},"379":{"start":{"line":380,"column":0},"end":{"line":380,"column":69}},"380":{"start":{"line":381,"column":0},"end":{"line":381,"column":39}},"381":{"start":{"line":382,"column":0},"end":{"line":382,"column":17}},"382":{"start":{"line":383,"column":0},"end":{"line":383,"column":107}},"383":{"start":{"line":384,"column":0},"end":{"line":384,"column":143}},"384":{"start":{"line":385,"column":0},"end":{"line":385,"column":71}},"385":{"start":{"line":386,"column":0},"end":{"line":386,"column":71}},"386":{"start":{"line":387,"column":0},"end":{"line":387,"column":84}},"387":{"start":{"line":388,"column":0},"end":{"line":388,"column":17}},"388":{"start":{"line":389,"column":0},"end":{"line":389,"column":13}},"389":{"start":{"line":390,"column":0},"end":{"line":390,"column":0}},"390":{"start":{"line":391,"column":0},"end":{"line":391,"column":30}},"391":{"start":{"line":392,"column":0},"end":{"line":392,"column":28}},"392":{"start":{"line":393,"column":0},"end":{"line":393,"column":41}},"393":{"start":{"line":394,"column":0},"end":{"line":394,"column":69}},"394":{"start":{"line":395,"column":0},"end":{"line":395,"column":62}},"395":{"start":{"line":396,"column":0},"end":{"line":396,"column":17}},"396":{"start":{"line":397,"column":0},"end":{"line":397,"column":13}},"397":{"start":{"line":398,"column":0},"end":{"line":398,"column":28}},"398":{"start":{"line":399,"column":0},"end":{"line":399,"column":41}},"399":{"start":{"line":400,"column":0},"end":{"line":400,"column":69}},"400":{"start":{"line":401,"column":0},"end":{"line":401,"column":62}},"401":{"start":{"line":402,"column":0},"end":{"line":402,"column":17}},"402":{"start":{"line":403,"column":0},"end":{"line":403,"column":13}},"403":{"start":{"line":404,"column":0},"end":{"line":404,"column":28}},"404":{"start":{"line":405,"column":0},"end":{"line":405,"column":41}},"405":{"start":{"line":406,"column":0},"end":{"line":406,"column":69}},"406":{"start":{"line":407,"column":0},"end":{"line":407,"column":62}},"407":{"start":{"line":408,"column":0},"end":{"line":408,"column":17}},"408":{"start":{"line":409,"column":0},"end":{"line":409,"column":13}},"409":{"start":{"line":410,"column":0},"end":{"line":410,"column":0}},"410":{"start":{"line":411,"column":0},"end":{"line":411,"column":54}},"411":{"start":{"line":412,"column":0},"end":{"line":412,"column":24}},"412":{"start":{"line":413,"column":0},"end":{"line":413,"column":46}},"413":{"start":{"line":414,"column":0},"end":{"line":414,"column":17}},"414":{"start":{"line":415,"column":0},"end":{"line":415,"column":13}},"415":{"start":{"line":416,"column":0},"end":{"line":416,"column":9}},"416":{"start":{"line":417,"column":0},"end":{"line":417,"column":0}},"417":{"start":{"line":418,"column":0},"end":{"line":418,"column":29}},"418":{"start":{"line":419,"column":0},"end":{"line":419,"column":49}},"419":{"start":{"line":420,"column":0},"end":{"line":420,"column":30}},"420":{"start":{"line":421,"column":0},"end":{"line":421,"column":30}},"421":{"start":{"line":422,"column":0},"end":{"line":422,"column":35}},"422":{"start":{"line":423,"column":0},"end":{"line":423,"column":0}},"423":{"start":{"line":424,"column":0},"end":{"line":424,"column":115}},"424":{"start":{"line":425,"column":0},"end":{"line":425,"column":35}},"425":{"start":{"line":426,"column":0},"end":{"line":426,"column":13}},"426":{"start":{"line":427,"column":0},"end":{"line":427,"column":69}},"427":{"start":{"line":428,"column":0},"end":{"line":428,"column":111}},"428":{"start":{"line":429,"column":0},"end":{"line":429,"column":147}},"429":{"start":{"line":430,"column":0},"end":{"line":430,"column":71}},"430":{"start":{"line":431,"column":0},"end":{"line":431,"column":71}},"431":{"start":{"line":432,"column":0},"end":{"line":432,"column":84}},"432":{"start":{"line":433,"column":0},"end":{"line":433,"column":17}},"433":{"start":{"line":434,"column":0},"end":{"line":434,"column":13}},"434":{"start":{"line":435,"column":0},"end":{"line":435,"column":0}},"435":{"start":{"line":436,"column":0},"end":{"line":436,"column":89}},"436":{"start":{"line":437,"column":0},"end":{"line":437,"column":73}},"437":{"start":{"line":438,"column":0},"end":{"line":438,"column":129}},"438":{"start":{"line":439,"column":0},"end":{"line":439,"column":71}},"439":{"start":{"line":440,"column":0},"end":{"line":440,"column":71}},"440":{"start":{"line":441,"column":0},"end":{"line":441,"column":84}},"441":{"start":{"line":442,"column":0},"end":{"line":442,"column":20}},"442":{"start":{"line":443,"column":0},"end":{"line":443,"column":17}},"443":{"start":{"line":444,"column":0},"end":{"line":444,"column":13}},"444":{"start":{"line":445,"column":0},"end":{"line":445,"column":0}},"445":{"start":{"line":446,"column":0},"end":{"line":446,"column":30}},"446":{"start":{"line":447,"column":0},"end":{"line":447,"column":28}},"447":{"start":{"line":448,"column":0},"end":{"line":448,"column":41}},"448":{"start":{"line":449,"column":0},"end":{"line":449,"column":73}},"449":{"start":{"line":450,"column":0},"end":{"line":450,"column":66}},"450":{"start":{"line":451,"column":0},"end":{"line":451,"column":17}},"451":{"start":{"line":452,"column":0},"end":{"line":452,"column":13}},"452":{"start":{"line":453,"column":0},"end":{"line":453,"column":28}},"453":{"start":{"line":454,"column":0},"end":{"line":454,"column":41}},"454":{"start":{"line":455,"column":0},"end":{"line":455,"column":73}},"455":{"start":{"line":456,"column":0},"end":{"line":456,"column":66}},"456":{"start":{"line":457,"column":0},"end":{"line":457,"column":17}},"457":{"start":{"line":458,"column":0},"end":{"line":458,"column":13}},"458":{"start":{"line":459,"column":0},"end":{"line":459,"column":0}},"459":{"start":{"line":460,"column":0},"end":{"line":460,"column":41}},"460":{"start":{"line":461,"column":0},"end":{"line":461,"column":24}},"461":{"start":{"line":462,"column":0},"end":{"line":462,"column":46}},"462":{"start":{"line":463,"column":0},"end":{"line":463,"column":17}},"463":{"start":{"line":464,"column":0},"end":{"line":464,"column":13}},"464":{"start":{"line":465,"column":0},"end":{"line":465,"column":9}},"465":{"start":{"line":466,"column":0},"end":{"line":466,"column":0}},"466":{"start":{"line":467,"column":0},"end":{"line":467,"column":16}},"467":{"start":{"line":468,"column":0},"end":{"line":468,"column":41}},"468":{"start":{"line":469,"column":0},"end":{"line":469,"column":11}},"469":{"start":{"line":470,"column":0},"end":{"line":470,"column":5}},"470":{"start":{"line":471,"column":0},"end":{"line":471,"column":1}},"471":{"start":{"line":472,"column":0},"end":{"line":472,"column":0}},"472":{"start":{"line":473,"column":0},"end":{"line":473,"column":38}}},"s":{"0":1,"1":1,"2":1,"3":1,"4":1,"5":1,"6":1,"7":1,"8":1,"9":1,"10":1,"11":25,"12":25,"13":1,"14":1,"15":1,"16":1,"17":24,"18":24,"19":24,"20":24,"21":24,"22":24,"23":24,"24":24,"25":24,"26":24,"27":25,"28":1,"29":1,"30":1,"31":1,"32":23,"33":23,"34":23,"35":23,"36":23,"37":23,"38":23,"39":23,"40":23,"41":23,"42":23,"43":23,"44":23,"45":23,"46":23,"47":23,"48":23,"49":23,"50":23,"51":23,"52":23,"53":23,"54":23,"55":23,"56":23,"57":23,"58":23,"59":25,"60":2,"61":2,"62":2,"63":2,"64":2,"65":2,"66":0,"67":0,"68":0,"69":0,"70":0,"71":0,"72":0,"73":0,"74":2,"75":2,"76":2,"77":2,"78":0,"79":0,"80":0,"81":0,"82":0,"83":0,"84":0,"85":0,"86":2,"87":2,"88":2,"89":2,"90":1,"91":1,"92":1,"93":1,"94":1,"95":1,"96":2,"97":2,"98":2,"99":2,"100":0,"101":0,"102":0,"103":0,"104":0,"105":0,"106":2,"107":0,"108":0,"109":0,"110":0,"111":0,"112":2,"113":1,"114":1,"115":0,"116":0,"117":1,"118":2,"119":2,"120":1,"121":1,"122":1,"123":1,"124":2,"125":22,"126":22,"127":25,"128":5,"129":5,"130":5,"131":5,"132":5,"133":5,"134":0,"135":0,"136":0,"137":0,"138":0,"139":0,"140":0,"141":0,"142":5,"143":5,"144":5,"145":5,"146":0,"147":0,"148":0,"149":0,"150":0,"151":0,"152":0,"153":0,"154":5,"155":5,"156":5,"157":0,"158":0,"159":0,"160":0,"161":0,"162":0,"163":0,"164":0,"165":5,"166":5,"167":5,"168":0,"169":0,"170":0,"171":0,"172":0,"173":0,"174":5,"175":0,"176":0,"177":0,"178":0,"179":0,"180":5,"181":0,"182":0,"183":0,"184":0,"185":0,"186":5,"187":5,"188":0,"189":0,"190":0,"191":0,"192":5,"193":22,"194":22,"195":25,"196":3,"197":3,"198":3,"199":3,"200":3,"201":0,"202":0,"203":0,"204":0,"205":0,"206":0,"207":0,"208":0,"209":0,"210":3,"211":3,"212":2,"213":2,"214":2,"215":2,"216":2,"217":2,"218":2,"219":2,"220":3,"221":3,"222":0,"223":0,"224":0,"225":0,"226":0,"227":0,"228":3,"229":2,"230":2,"231":2,"232":2,"233":2,"234":3,"235":3,"236":2,"237":2,"238":2,"239":2,"240":3,"241":20,"242":20,"243":25,"244":7,"245":7,"246":7,"247":7,"248":7,"249":7,"250":7,"251":7,"252":0,"253":0,"254":7,"255":5,"256":5,"257":5,"258":5,"259":5,"260":5,"261":5,"262":5,"263":7,"264":7,"265":7,"266":2,"267":2,"268":2,"269":2,"270":2,"271":2,"272":2,"273":2,"274":7,"275":7,"276":7,"277":7,"278":7,"279":7,"280":7,"281":2,"282":2,"283":2,"284":2,"285":2,"286":2,"287":2,"288":2,"289":2,"290":7,"291":7,"292":7,"293":0,"294":0,"295":0,"296":0,"297":0,"298":0,"299":0,"300":0,"301":0,"302":0,"303":0,"304":0,"305":0,"306":0,"307":0,"308":0,"309":7,"310":7,"311":7,"312":5,"313":5,"314":0,"315":0,"316":5,"317":7,"318":2,"319":2,"320":2,"321":2,"322":2,"323":7,"324":2,"325":2,"326":2,"327":2,"328":2,"329":7,"330":0,"331":0,"332":0,"333":0,"334":0,"335":7,"336":5,"337":5,"338":5,"339":5,"340":7,"341":15,"342":15,"343":25,"344":3,"345":3,"346":3,"347":3,"348":3,"349":3,"350":3,"351":3,"352":3,"353":3,"354":3,"355":3,"356":2,"357":2,"358":2,"359":2,"360":2,"361":3,"362":3,"363":3,"364":3,"365":3,"366":3,"367":0,"368":0,"369":3,"370":1,"371":1,"372":1,"373":1,"374":1,"375":3,"376":3,"377":0,"378":0,"379":0,"380":0,"381":0,"382":0,"383":0,"384":0,"385":0,"386":0,"387":0,"388":0,"389":3,"390":3,"391":3,"392":2,"393":2,"394":2,"395":2,"396":2,"397":3,"398":1,"399":1,"400":0,"401":0,"402":1,"403":3,"404":0,"405":0,"406":0,"407":0,"408":0,"409":3,"410":3,"411":2,"412":2,"413":2,"414":2,"415":3,"416":13,"417":13,"418":25,"419":3,"420":3,"421":3,"422":3,"423":3,"424":3,"425":3,"426":3,"427":3,"428":1,"429":1,"430":1,"431":1,"432":1,"433":3,"434":3,"435":3,"436":2,"437":2,"438":2,"439":2,"440":2,"441":2,"442":2,"443":2,"444":3,"445":3,"446":3,"447":1,"448":1,"449":1,"450":1,"451":1,"452":3,"453":2,"454":2,"455":2,"456":2,"457":2,"458":3,"459":3,"460":2,"461":2,"462":2,"463":2,"464":3,"465":11,"466":11,"467":11,"468":11,"469":11,"470":1,"471":1,"472":1},"branchMap":{"0":{"type":"branch","line":11,"loc":{"start":{"line":11,"column":4},"end":{"line":470,"column":5}},"locations":[{"start":{"line":11,"column":4},"end":{"line":470,"column":5}}]},"1":{"type":"branch","line":13,"loc":{"start":{"line":13,"column":28},"end":{"line":17,"column":9}},"locations":[{"start":{"line":13,"column":28},"end":{"line":17,"column":9}}]},"2":{"type":"branch","line":17,"loc":{"start":{"line":17,"column":8},"end":{"line":28,"column":59}},"locations":[{"start":{"line":17,"column":8},"end":{"line":28,"column":59}}]},"3":{"type":"branch","line":28,"loc":{"start":{"line":28,"column":59},"end":{"line":32,"column":9}},"locations":[{"start":{"line":28,"column":59},"end":{"line":32,"column":9}}]},"4":{"type":"branch","line":32,"loc":{"start":{"line":32,"column":8},"end":{"line":60,"column":42}},"locations":[{"start":{"line":32,"column":8},"end":{"line":60,"column":42}}]},"5":{"type":"branch","line":60,"loc":{"start":{"line":60,"column":42},"end":{"line":125,"column":9}},"locations":[{"start":{"line":60,"column":42},"end":{"line":125,"column":9}}]},"6":{"type":"branch","line":66,"loc":{"start":{"line":66,"column":-1},"end":{"line":66,"column":62}},"locations":[{"start":{"line":66,"column":-1},"end":{"line":66,"column":62}}]},"7":{"type":"branch","line":66,"loc":{"start":{"line":66,"column":62},"end":{"line":66,"column":116}},"locations":[{"start":{"line":66,"column":62},"end":{"line":66,"column":116}}]},"8":{"type":"branch","line":66,"loc":{"start":{"line":66,"column":119},"end":{"line":74,"column":13}},"locations":[{"start":{"line":66,"column":119},"end":{"line":74,"column":13}}]},"9":{"type":"branch","line":77,"loc":{"start":{"line":77,"column":115},"end":{"line":78,"column":69}},"locations":[{"start":{"line":77,"column":115},"end":{"line":78,"column":69}}]},"10":{"type":"branch","line":78,"loc":{"start":{"line":78,"column":72},"end":{"line":86,"column":13}},"locations":[{"start":{"line":78,"column":72},"end":{"line":86,"column":13}}]},"11":{"type":"branch","line":90,"loc":{"start":{"line":90,"column":86},"end":{"line":96,"column":17}},"locations":[{"start":{"line":90,"column":86},"end":{"line":96,"column":17}}]},"12":{"type":"branch","line":100,"loc":{"start":{"line":100,"column":27},"end":{"line":106,"column":13}},"locations":[{"start":{"line":100,"column":27},"end":{"line":106,"column":13}}]},"13":{"type":"branch","line":107,"loc":{"start":{"line":107,"column":27},"end":{"line":112,"column":13}},"locations":[{"start":{"line":107,"column":27},"end":{"line":112,"column":13}}]},"14":{"type":"branch","line":113,"loc":{"start":{"line":113,"column":27},"end":{"line":118,"column":13}},"locations":[{"start":{"line":113,"column":27},"end":{"line":118,"column":13}}]},"15":{"type":"branch","line":115,"loc":{"start":{"line":115,"column":66},"end":{"line":117,"column":17}},"locations":[{"start":{"line":115,"column":66},"end":{"line":117,"column":17}}]},"16":{"type":"branch","line":120,"loc":{"start":{"line":120,"column":53},"end":{"line":124,"column":13}},"locations":[{"start":{"line":120,"column":53},"end":{"line":124,"column":13}}]},"17":{"type":"branch","line":125,"loc":{"start":{"line":125,"column":8},"end":{"line":128,"column":46}},"locations":[{"start":{"line":125,"column":8},"end":{"line":128,"column":46}}]},"18":{"type":"branch","line":128,"loc":{"start":{"line":128,"column":46},"end":{"line":193,"column":9}},"locations":[{"start":{"line":128,"column":46},"end":{"line":193,"column":9}}]},"19":{"type":"branch","line":134,"loc":{"start":{"line":134,"column":-1},"end":{"line":134,"column":62}},"locations":[{"start":{"line":134,"column":-1},"end":{"line":134,"column":62}}]},"20":{"type":"branch","line":134,"loc":{"start":{"line":134,"column":62},"end":{"line":134,"column":116}},"locations":[{"start":{"line":134,"column":62},"end":{"line":134,"column":116}}]},"21":{"type":"branch","line":134,"loc":{"start":{"line":134,"column":119},"end":{"line":142,"column":13}},"locations":[{"start":{"line":134,"column":119},"end":{"line":142,"column":13}}]},"22":{"type":"branch","line":145,"loc":{"start":{"line":145,"column":115},"end":{"line":146,"column":69}},"locations":[{"start":{"line":145,"column":115},"end":{"line":146,"column":69}}]},"23":{"type":"branch","line":146,"loc":{"start":{"line":146,"column":72},"end":{"line":154,"column":13}},"locations":[{"start":{"line":146,"column":72},"end":{"line":154,"column":13}}]},"24":{"type":"branch","line":156,"loc":{"start":{"line":156,"column":61},"end":{"line":156,"column":111}},"locations":[{"start":{"line":156,"column":61},"end":{"line":156,"column":111}}]},"25":{"type":"branch","line":157,"loc":{"start":{"line":157,"column":-1},"end":{"line":157,"column":62}},"locations":[{"start":{"line":157,"column":-1},"end":{"line":157,"column":62}}]},"26":{"type":"branch","line":157,"loc":{"start":{"line":157,"column":62},"end":{"line":157,"column":116}},"locations":[{"start":{"line":157,"column":62},"end":{"line":157,"column":116}}]},"27":{"type":"branch","line":157,"loc":{"start":{"line":157,"column":119},"end":{"line":165,"column":13}},"locations":[{"start":{"line":157,"column":119},"end":{"line":165,"column":13}}]},"28":{"type":"branch","line":168,"loc":{"start":{"line":168,"column":27},"end":{"line":174,"column":13}},"locations":[{"start":{"line":168,"column":27},"end":{"line":174,"column":13}}]},"29":{"type":"branch","line":175,"loc":{"start":{"line":175,"column":27},"end":{"line":180,"column":13}},"locations":[{"start":{"line":175,"column":27},"end":{"line":180,"column":13}}]},"30":{"type":"branch","line":181,"loc":{"start":{"line":181,"column":27},"end":{"line":186,"column":13}},"locations":[{"start":{"line":181,"column":27},"end":{"line":186,"column":13}}]},"31":{"type":"branch","line":188,"loc":{"start":{"line":188,"column":53},"end":{"line":192,"column":13}},"locations":[{"start":{"line":188,"column":53},"end":{"line":192,"column":13}}]},"32":{"type":"branch","line":193,"loc":{"start":{"line":193,"column":8},"end":{"line":196,"column":47}},"locations":[{"start":{"line":193,"column":8},"end":{"line":196,"column":47}}]},"33":{"type":"branch","line":196,"loc":{"start":{"line":196,"column":47},"end":{"line":241,"column":9}},"locations":[{"start":{"line":196,"column":47},"end":{"line":241,"column":9}}]},"34":{"type":"branch","line":200,"loc":{"start":{"line":200,"column":115},"end":{"line":201,"column":69}},"locations":[{"start":{"line":200,"column":115},"end":{"line":201,"column":69}}]},"35":{"type":"branch","line":201,"loc":{"start":{"line":201,"column":72},"end":{"line":210,"column":13}},"locations":[{"start":{"line":201,"column":72},"end":{"line":210,"column":13}}]},"36":{"type":"branch","line":212,"loc":{"start":{"line":212,"column":87},"end":{"line":220,"column":13}},"locations":[{"start":{"line":212,"column":87},"end":{"line":220,"column":13}}]},"37":{"type":"branch","line":222,"loc":{"start":{"line":222,"column":27},"end":{"line":228,"column":13}},"locations":[{"start":{"line":222,"column":27},"end":{"line":228,"column":13}}]},"38":{"type":"branch","line":229,"loc":{"start":{"line":229,"column":27},"end":{"line":234,"column":13}},"locations":[{"start":{"line":229,"column":27},"end":{"line":234,"column":13}}]},"39":{"type":"branch","line":236,"loc":{"start":{"line":236,"column":40},"end":{"line":240,"column":13}},"locations":[{"start":{"line":236,"column":40},"end":{"line":240,"column":13}}]},"40":{"type":"branch","line":241,"loc":{"start":{"line":241,"column":8},"end":{"line":244,"column":44}},"locations":[{"start":{"line":241,"column":8},"end":{"line":244,"column":44}}]},"41":{"type":"branch","line":244,"loc":{"start":{"line":244,"column":44},"end":{"line":341,"column":9}},"locations":[{"start":{"line":244,"column":44},"end":{"line":341,"column":9}}]},"42":{"type":"branch","line":252,"loc":{"start":{"line":252,"column":69},"end":{"line":254,"column":17}},"locations":[{"start":{"line":252,"column":69},"end":{"line":254,"column":17}}]},"43":{"type":"branch","line":255,"loc":{"start":{"line":255,"column":88},"end":{"line":263,"column":17}},"locations":[{"start":{"line":255,"column":88},"end":{"line":263,"column":17}}]},"44":{"type":"branch","line":260,"loc":{"start":{"line":260,"column":41},"end":{"line":260,"column":59}},"locations":[{"start":{"line":260,"column":41},"end":{"line":260,"column":59}}]},"45":{"type":"branch","line":266,"loc":{"start":{"line":266,"column":82},"end":{"line":266,"column":100}},"locations":[{"start":{"line":266,"column":82},"end":{"line":266,"column":100}}]},"46":{"type":"branch","line":266,"loc":{"start":{"line":266,"column":102},"end":{"line":274,"column":13}},"locations":[{"start":{"line":266,"column":102},"end":{"line":274,"column":13}}]},"47":{"type":"branch","line":271,"loc":{"start":{"line":271,"column":37},"end":{"line":271,"column":55}},"locations":[{"start":{"line":271,"column":37},"end":{"line":271,"column":55}}]},"48":{"type":"branch","line":278,"loc":{"start":{"line":278,"column":66},"end":{"line":278,"column":120}},"locations":[{"start":{"line":278,"column":66},"end":{"line":278,"column":120}}]},"49":{"type":"branch","line":281,"loc":{"start":{"line":281,"column":106},"end":{"line":290,"column":17}},"locations":[{"start":{"line":281,"column":106},"end":{"line":290,"column":17}}]},"50":{"type":"branch","line":287,"loc":{"start":{"line":287,"column":41},"end":{"line":287,"column":59}},"locations":[{"start":{"line":287,"column":41},"end":{"line":287,"column":59}}]},"51":{"type":"branch","line":293,"loc":{"start":{"line":293,"column":61},"end":{"line":293,"column":113}},"locations":[{"start":{"line":293,"column":61},"end":{"line":293,"column":113}}]},"52":{"type":"branch","line":293,"loc":{"start":{"line":293,"column":116},"end":{"line":309,"column":13}},"locations":[{"start":{"line":293,"column":116},"end":{"line":309,"column":13}}]},"53":{"type":"branch","line":312,"loc":{"start":{"line":312,"column":27},"end":{"line":317,"column":13}},"locations":[{"start":{"line":312,"column":27},"end":{"line":317,"column":13}}]},"54":{"type":"branch","line":314,"loc":{"start":{"line":314,"column":68},"end":{"line":316,"column":17}},"locations":[{"start":{"line":314,"column":68},"end":{"line":316,"column":17}}]},"55":{"type":"branch","line":318,"loc":{"start":{"line":318,"column":27},"end":{"line":323,"column":13}},"locations":[{"start":{"line":318,"column":27},"end":{"line":323,"column":13}}]},"56":{"type":"branch","line":324,"loc":{"start":{"line":324,"column":27},"end":{"line":329,"column":13}},"locations":[{"start":{"line":324,"column":27},"end":{"line":329,"column":13}}]},"57":{"type":"branch","line":330,"loc":{"start":{"line":330,"column":27},"end":{"line":335,"column":13}},"locations":[{"start":{"line":330,"column":27},"end":{"line":335,"column":13}}]},"58":{"type":"branch","line":336,"loc":{"start":{"line":336,"column":25},"end":{"line":336,"column":38}},"locations":[{"start":{"line":336,"column":25},"end":{"line":336,"column":38}}]},"59":{"type":"branch","line":336,"loc":{"start":{"line":336,"column":38},"end":{"line":336,"column":51}},"locations":[{"start":{"line":336,"column":38},"end":{"line":336,"column":51}}]},"60":{"type":"branch","line":336,"loc":{"start":{"line":336,"column":51},"end":{"line":336,"column":64}},"locations":[{"start":{"line":336,"column":51},"end":{"line":336,"column":64}}]},"61":{"type":"branch","line":336,"loc":{"start":{"line":336,"column":66},"end":{"line":340,"column":13}},"locations":[{"start":{"line":336,"column":66},"end":{"line":340,"column":13}}]},"62":{"type":"branch","line":341,"loc":{"start":{"line":341,"column":8},"end":{"line":344,"column":44}},"locations":[{"start":{"line":341,"column":8},"end":{"line":344,"column":44}}]},"63":{"type":"branch","line":344,"loc":{"start":{"line":344,"column":44},"end":{"line":416,"column":9}},"locations":[{"start":{"line":344,"column":44},"end":{"line":416,"column":9}}]},"64":{"type":"branch","line":356,"loc":{"start":{"line":356,"column":106},"end":{"line":361,"column":17}},"locations":[{"start":{"line":356,"column":106},"end":{"line":361,"column":17}}]},"65":{"type":"branch","line":367,"loc":{"start":{"line":367,"column":122},"end":{"line":369,"column":17}},"locations":[{"start":{"line":367,"column":122},"end":{"line":369,"column":17}}]},"66":{"type":"branch","line":370,"loc":{"start":{"line":370,"column":106},"end":{"line":375,"column":17}},"locations":[{"start":{"line":370,"column":106},"end":{"line":375,"column":17}}]},"67":{"type":"branch","line":377,"loc":{"start":{"line":377,"column":61},"end":{"line":377,"column":113}},"locations":[{"start":{"line":377,"column":61},"end":{"line":377,"column":113}}]},"68":{"type":"branch","line":377,"loc":{"start":{"line":377,"column":116},"end":{"line":389,"column":13}},"locations":[{"start":{"line":377,"column":116},"end":{"line":389,"column":13}}]},"69":{"type":"branch","line":392,"loc":{"start":{"line":392,"column":27},"end":{"line":397,"column":13}},"locations":[{"start":{"line":392,"column":27},"end":{"line":397,"column":13}}]},"70":{"type":"branch","line":398,"loc":{"start":{"line":398,"column":27},"end":{"line":403,"column":13}},"locations":[{"start":{"line":398,"column":27},"end":{"line":403,"column":13}}]},"71":{"type":"branch","line":400,"loc":{"start":{"line":400,"column":68},"end":{"line":402,"column":17}},"locations":[{"start":{"line":400,"column":68},"end":{"line":402,"column":17}}]},"72":{"type":"branch","line":404,"loc":{"start":{"line":404,"column":27},"end":{"line":409,"column":13}},"locations":[{"start":{"line":404,"column":27},"end":{"line":409,"column":13}}]},"73":{"type":"branch","line":411,"loc":{"start":{"line":411,"column":25},"end":{"line":411,"column":38}},"locations":[{"start":{"line":411,"column":25},"end":{"line":411,"column":38}}]},"74":{"type":"branch","line":411,"loc":{"start":{"line":411,"column":38},"end":{"line":411,"column":51}},"locations":[{"start":{"line":411,"column":38},"end":{"line":411,"column":51}}]},"75":{"type":"branch","line":411,"loc":{"start":{"line":411,"column":53},"end":{"line":415,"column":13}},"locations":[{"start":{"line":411,"column":53},"end":{"line":415,"column":13}}]},"76":{"type":"branch","line":416,"loc":{"start":{"line":416,"column":8},"end":{"line":419,"column":48}},"locations":[{"start":{"line":416,"column":8},"end":{"line":419,"column":48}}]},"77":{"type":"branch","line":419,"loc":{"start":{"line":419,"column":48},"end":{"line":465,"column":9}},"locations":[{"start":{"line":419,"column":48},"end":{"line":465,"column":9}}]},"78":{"type":"branch","line":424,"loc":{"start":{"line":424,"column":62},"end":{"line":424,"column":112}},"locations":[{"start":{"line":424,"column":62},"end":{"line":424,"column":112}}]},"79":{"type":"branch","line":428,"loc":{"start":{"line":428,"column":110},"end":{"line":433,"column":17}},"locations":[{"start":{"line":428,"column":110},"end":{"line":433,"column":17}}]},"80":{"type":"branch","line":436,"loc":{"start":{"line":436,"column":88},"end":{"line":444,"column":13}},"locations":[{"start":{"line":436,"column":88},"end":{"line":444,"column":13}}]},"81":{"type":"branch","line":447,"loc":{"start":{"line":447,"column":27},"end":{"line":452,"column":13}},"locations":[{"start":{"line":447,"column":27},"end":{"line":452,"column":13}}]},"82":{"type":"branch","line":453,"loc":{"start":{"line":453,"column":27},"end":{"line":458,"column":13}},"locations":[{"start":{"line":453,"column":27},"end":{"line":458,"column":13}}]},"83":{"type":"branch","line":460,"loc":{"start":{"line":460,"column":25},"end":{"line":460,"column":38}},"locations":[{"start":{"line":460,"column":25},"end":{"line":460,"column":38}}]},"84":{"type":"branch","line":460,"loc":{"start":{"line":460,"column":40},"end":{"line":464,"column":13}},"locations":[{"start":{"line":460,"column":40},"end":{"line":464,"column":13}}]},"85":{"type":"branch","line":465,"loc":{"start":{"line":465,"column":8},"end":{"line":470,"column":5}},"locations":[{"start":{"line":465,"column":8},"end":{"line":470,"column":5}}]}},"b":{"0":[25],"1":[1],"2":[24],"3":[1],"4":[23],"5":[2],"6":[0],"7":[0],"8":[0],"9":[0],"10":[0],"11":[1],"12":[0],"13":[0],"14":[1],"15":[0],"16":[1],"17":[22],"18":[5],"19":[0],"20":[0],"21":[0],"22":[0],"23":[0],"24":[0],"25":[0],"26":[0],"27":[0],"28":[0],"29":[0],"30":[0],"31":[0],"32":[22],"33":[3],"34":[0],"35":[0],"36":[2],"37":[0],"38":[2],"39":[2],"40":[20],"41":[7],"42":[0],"43":[5],"44":[0],"45":[3],"46":[2],"47":[0],"48":[0],"49":[2],"50":[0],"51":[0],"52":[0],"53":[5],"54":[0],"55":[2],"56":[2],"57":[0],"58":[2],"59":[2],"60":[2],"61":[5],"62":[15],"63":[3],"64":[2],"65":[0],"66":[1],"67":[0],"68":[0],"69":[2],"70":[1],"71":[0],"72":[0],"73":[1],"74":[1],"75":[2],"76":[13],"77":[3],"78":[0],"79":[1],"80":[2],"81":[1],"82":[2],"83":[2],"84":[2],"85":[11]},"fnMap":{"0":{"name":"analisaRecintos","decl":{"start":{"line":11,"column":4},"end":{"line":470,"column":5}},"loc":{"start":{"line":11,"column":4},"end":{"line":470,"column":5}},"line":11}},"f":{"0":25}}
}
