TN:
SF:src/recintos-zoo.js
FN:11,analisaRecintos
FNF:1
FNH:1
FNDA:25,analisaRecintos
DA:1,1
DA:2,1
DA:3,1
DA:4,1
DA:5,1
DA:6,1
DA:7,1
DA:8,1
DA:9,1
DA:10,1
DA:11,1
DA:12,25
DA:13,25
DA:14,1
DA:15,1
DA:16,1
DA:17,1
DA:18,24
DA:19,24
DA:20,24
DA:21,24
DA:22,24
DA:23,24
DA:24,24
DA:25,24
DA:26,24
DA:27,24
DA:28,25
DA:29,1
DA:30,1
DA:31,1
DA:32,1
DA:33,23
DA:34,23
DA:35,23
DA:36,23
DA:37,23
DA:38,23
DA:39,23
DA:40,23
DA:41,23
DA:42,23
DA:43,23
DA:44,23
DA:45,23
DA:46,23
DA:47,23
DA:48,23
DA:49,23
DA:50,23
DA:51,23
DA:52,23
DA:53,23
DA:54,23
DA:55,23
DA:56,23
DA:57,23
DA:58,23
DA:59,23
DA:60,25
DA:61,2
DA:62,2
DA:63,2
DA:64,2
DA:65,2
DA:66,2
DA:67,0
DA:68,0
DA:69,0
DA:70,0
DA:71,0
DA:72,0
DA:73,0
DA:74,0
DA:75,2
DA:76,2
DA:77,2
DA:78,2
DA:79,0
DA:80,0
DA:81,0
DA:82,0
DA:83,0
DA:84,0
DA:85,0
DA:86,0
DA:87,2
DA:88,2
DA:89,2
DA:90,2
DA:91,1
DA:92,1
DA:93,1
DA:94,1
DA:95,1
DA:96,1
DA:97,2
DA:98,2
DA:99,2
DA:100,2
DA:101,0
DA:102,0
DA:103,0
DA:104,0
DA:105,0
DA:106,0
DA:107,2
DA:108,0
DA:109,0
DA:110,0
DA:111,0
DA:112,0
DA:113,2
DA:114,1
DA:115,1
DA:116,0
DA:117,0
DA:118,1
DA:119,2
DA:120,2
DA:121,1
DA:122,1
DA:123,1
DA:124,1
DA:125,2
DA:126,22
DA:127,22
DA:128,25
DA:129,5
DA:130,5
DA:131,5
DA:132,5
DA:133,5
DA:134,5
DA:135,0
DA:136,0
DA:137,0
DA:138,0
DA:139,0
DA:140,0
DA:141,0
DA:142,0
DA:143,5
DA:144,5
DA:145,5
DA:146,5
DA:147,0
DA:148,0
DA:149,0
DA:150,0
DA:151,0
DA:152,0
DA:153,0
DA:154,0
DA:155,5
DA:156,5
DA:157,5
DA:158,0
DA:159,0
DA:160,0
DA:161,0
DA:162,0
DA:163,0
DA:164,0
DA:165,0
DA:166,5
DA:167,5
DA:168,5
DA:169,0
DA:170,0
DA:171,0
DA:172,0
DA:173,0
DA:174,0
DA:175,5
DA:176,0
DA:177,0
DA:178,0
DA:179,0
DA:180,0
DA:181,5
DA:182,0
DA:183,0
DA:184,0
DA:185,0
DA:186,0
DA:187,5
DA:188,5
DA:189,0
DA:190,0
DA:191,0
DA:192,0
DA:193,5
DA:194,22
DA:195,22
DA:196,25
DA:197,3
DA:198,3
DA:199,3
DA:200,3
DA:201,3
DA:202,0
DA:203,0
DA:204,0
DA:205,0
DA:206,0
DA:207,0
DA:208,0
DA:209,0
DA:210,0
DA:211,3
DA:212,3
DA:213,2
DA:214,2
DA:215,2
DA:216,2
DA:217,2
DA:218,2
DA:219,2
DA:220,2
DA:221,3
DA:222,3
DA:223,0
DA:224,0
DA:225,0
DA:226,0
DA:227,0
DA:228,0
DA:229,3
DA:230,2
DA:231,2
DA:232,2
DA:233,2
DA:234,2
DA:235,3
DA:236,3
DA:237,2
DA:238,2
DA:239,2
DA:240,2
DA:241,3
DA:242,20
DA:243,20
DA:244,25
DA:245,7
DA:246,7
DA:247,7
DA:248,7
DA:249,7
DA:250,7
DA:251,7
DA:252,7
DA:253,0
DA:254,0
DA:255,7
DA:256,5
DA:257,5
DA:258,5
DA:259,5
DA:260,5
DA:261,5
DA:262,5
DA:263,5
DA:264,7
DA:265,7
DA:266,7
DA:267,2
DA:268,2
DA:269,2
DA:270,2
DA:271,2
DA:272,2
DA:273,2
DA:274,2
DA:275,7
DA:276,7
DA:277,7
DA:278,7
DA:279,7
DA:280,7
DA:281,7
DA:282,2
DA:283,2
DA:284,2
DA:285,2
DA:286,2
DA:287,2
DA:288,2
DA:289,2
DA:290,2
DA:291,7
DA:292,7
DA:293,7
DA:294,0
DA:295,0
DA:296,0
DA:297,0
DA:298,0
DA:299,0
DA:300,0
DA:301,0
DA:302,0
DA:303,0
DA:304,0
DA:305,0
DA:306,0
DA:307,0
DA:308,0
DA:309,0
DA:310,7
DA:311,7
DA:312,7
DA:313,5
DA:314,5
DA:315,0
DA:316,0
DA:317,5
DA:318,7
DA:319,2
DA:320,2
DA:321,2
DA:322,2
DA:323,2
DA:324,7
DA:325,2
DA:326,2
DA:327,2
DA:328,2
DA:329,2
DA:330,7
DA:331,0
DA:332,0
DA:333,0
DA:334,0
DA:335,0
DA:336,7
DA:337,5
DA:338,5
DA:339,5
DA:340,5
DA:341,7
DA:342,15
DA:343,15
DA:344,25
DA:345,3
DA:346,3
DA:347,3
DA:348,3
DA:349,3
DA:350,3
DA:351,3
DA:352,3
DA:353,3
DA:354,3
DA:355,3
DA:356,3
DA:357,2
DA:358,2
DA:359,2
DA:360,2
DA:361,2
DA:362,3
DA:363,3
DA:364,3
DA:365,3
DA:366,3
DA:367,3
DA:368,0
DA:369,0
DA:370,3
DA:371,1
DA:372,1
DA:373,1
DA:374,1
DA:375,1
DA:376,3
DA:377,3
DA:378,0
DA:379,0
DA:380,0
DA:381,0
DA:382,0
DA:383,0
DA:384,0
DA:385,0
DA:386,0
DA:387,0
DA:388,0
DA:389,0
DA:390,3
DA:391,3
DA:392,3
DA:393,2
DA:394,2
DA:395,2
DA:396,2
DA:397,2
DA:398,3
DA:399,1
DA:400,1
DA:401,0
DA:402,0
DA:403,1
DA:404,3
DA:405,0
DA:406,0
DA:407,0
DA:408,0
DA:409,0
DA:410,3
DA:411,3
DA:412,2
DA:413,2
DA:414,2
DA:415,2
DA:416,3
DA:417,13
DA:418,13
DA:419,25
DA:420,3
DA:421,3
DA:422,3
DA:423,3
DA:424,3
DA:425,3
DA:426,3
DA:427,3
DA:428,3
DA:429,1
DA:430,1
DA:431,1
DA:432,1
DA:433,1
DA:434,3
DA:435,3
DA:436,3
DA:437,2
DA:438,2
DA:439,2
DA:440,2
DA:441,2
DA:442,2
DA:443,2
DA:444,2
DA:445,3
DA:446,3
DA:447,3
DA:448,1
DA:449,1
DA:450,1
DA:451,1
DA:452,1
DA:453,3
DA:454,2
DA:455,2
DA:456,2
DA:457,2
DA:458,2
DA:459,3
DA:460,3
DA:461,2
DA:462,2
DA:463,2
DA:464,2
DA:465,3
DA:466,11
DA:467,11
DA:468,11
DA:469,11
DA:470,11
DA:471,1
DA:472,1
DA:473,1
LF:473
LH:339
BRDA:11,0,0,25
BRDA:13,1,0,1
BRDA:17,2,0,24
BRDA:28,3,0,1
BRDA:32,4,0,23
BRDA:60,5,0,2
BRDA:66,6,0,0
BRDA:66,7,0,0
BRDA:66,8,0,0
BRDA:77,9,0,0
BRDA:78,10,0,0
BRDA:90,11,0,1
BRDA:100,12,0,0
BRDA:107,13,0,0
BRDA:113,14,0,1
BRDA:115,15,0,0
BRDA:120,16,0,1
BRDA:125,17,0,22
BRDA:128,18,0,5
BRDA:134,19,0,0
BRDA:134,20,0,0
BRDA:134,21,0,0
BRDA:145,22,0,0
BRDA:146,23,0,0
BRDA:156,24,0,0
BRDA:157,25,0,0
BRDA:157,26,0,0
BRDA:157,27,0,0
BRDA:168,28,0,0
BRDA:175,29,0,0
BRDA:181,30,0,0
BRDA:188,31,0,0
BRDA:193,32,0,22
BRDA:196,33,0,3
BRDA:200,34,0,0
BRDA:201,35,0,0
BRDA:212,36,0,2
BRDA:222,37,0,0
BRDA:229,38,0,2
BRDA:236,39,0,2
BRDA:241,40,0,20
BRDA:244,41,0,7
BRDA:252,42,0,0
BRDA:255,43,0,5
BRDA:260,44,0,0
BRDA:266,45,0,3
BRDA:266,46,0,2
BRDA:271,47,0,0
BRDA:278,48,0,0
BRDA:281,49,0,2
BRDA:287,50,0,0
BRDA:293,51,0,0
BRDA:293,52,0,0
BRDA:312,53,0,5
BRDA:314,54,0,0
BRDA:318,55,0,2
BRDA:324,56,0,2
BRDA:330,57,0,0
BRDA:336,58,0,2
BRDA:336,59,0,2
BRDA:336,60,0,2
BRDA:336,61,0,5
BRDA:341,62,0,15
BRDA:344,63,0,3
BRDA:356,64,0,2
BRDA:367,65,0,0
BRDA:370,66,0,1
BRDA:377,67,0,0
BRDA:377,68,0,0
BRDA:392,69,0,2
BRDA:398,70,0,1
BRDA:400,71,0,0
BRDA:404,72,0,0
BRDA:411,73,0,1
BRDA:411,74,0,1
BRDA:411,75,0,2
BRDA:416,76,0,13
BRDA:419,77,0,3
BRDA:424,78,0,0
BRDA:428,79,0,1
BRDA:436,80,0,2
BRDA:447,81,0,1
BRDA:453,82,0,2
BRDA:460,83,0,2
BRDA:460,84,0,2
BRDA:465,85,0,11
BRF:86
BRH:47
end_of_record
